<?xml version="1.0" encoding="UTF-8"?>
<testsuite xmlns:xsi="http://www.w3.org/2001/XMLSchema-instance" xsi:noNamespaceSchemaLocation="https://maven.apache.org/surefire/maven-surefire-plugin/xsd/surefire-test-report.xsd" name="br.com.erudio.integrationtests.controller.withyaml.BookControllerYamlTest" time="0.627" tests="7" errors="0" skipped="0" failures="0">
  <properties>
[...]
</properties>
  <testcase name="authorization" classname="br.com.erudio.integrationtests.controller.withyaml.BookControllerYamlTest" time="0.339"/>
  <testcase name="testCreate" classname="br.com.erudio.integrationtests.controller.withyaml.BookControllerYamlTest" time="0.049"/>
  <testcase name="testUpdate" classname="br.com.erudio.integrationtests.controller.withyaml.BookControllerYamlTest" time="0.043"/>
  <testcase name="testFindById" classname="br.com.erudio.integrationtests.controller.withyaml.BookControllerYamlTest" time="0.037"/>
  <testcase name="testDelete" classname="br.com.erudio.integrationtests.controller.withyaml.BookControllerYamlTest" time="0.045"/>
  <testcase name="testFindAll" classname="br.com.erudio.integrationtests.controller.withyaml.BookControllerYamlTest" time="0.056"/>
  <testcase name="testHATEOAS" classname="br.com.erudio.integrationtests.controller.withyaml.BookControllerYamlTest" time="0.052"/>
</testsuite>